Build started 12/09/2021 11:52:10.
     1>Project "F:\sem 1\speech processing\assignment\vowel_recognition_assignment_3\vowel_recognition_assignment_3\vowel_recognition_assignment_3.vcxproj" on node 2 (build target(s)).
     1>InitializeBuildStatus:
         Creating "Debug\vowel_recognition_assignment_3.unsuccessfulbuild" because "AlwaysCreate" was specified.
       ClCompile:
         All outputs are up-to-date.
         C:\Program Files (x86)\Microsoft Visual Studio 10.0\VC\bin\CL.exe /c /ZI /nologo /W3 /WX- /Od /Oy- /D WIN32 /D _DEBUG /D _CONSOLE /D _UNICODE /D UNICODE /Gm /EHsc /RTC1 /MDd /GS /fp:precise /Zc:wchar_t /Zc:forScope /Yu"StdAfx.h" /Fp"Debug\vowel_recognition_assignment_3.pch" /Fo"Debug\\" /Fd"Debug\vc100.pdb" /Gd /TP /analyze- /errorReport:prompt vowel_recognition_assignment_3.cpp
         vowel_recognition_assignment_3.cpp
     1>f:\sem 1\speech processing\assignment\vowel_recognition_assignment_3\vowel_recognition_assignment_3\vowel_recognition_assignment_3.cpp(36): warning C4996: 'fscanf': This function or variable may be unsafe. Consider using fscanf_s instead. To disable deprecation, use _CRT_SECURE_NO_WARNINGS. See online help for details.
                 c:\program files (x86)\microsoft visual studio 10.0\vc\include\stdio.h(253) : see declaration of 'fscanf'
     1>f:\sem 1\speech processing\assignment\vowel_recognition_assignment_3\vowel_recognition_assignment_3\vowel_recognition_assignment_3.cpp(20): warning C4101: 'tempArray' : unreferenced local variable
     1>f:\sem 1\speech processing\assignment\vowel_recognition_assignment_3\vowel_recognition_assignment_3\vowel_recognition_assignment_3.cpp(87): warning C4996: 'fscanf': This function or variable may be unsafe. Consider using fscanf_s instead. To disable deprecation, use _CRT_SECURE_NO_WARNINGS. See online help for details.
                 c:\program files (x86)\microsoft visual studio 10.0\vc\include\stdio.h(253) : see declaration of 'fscanf'
     1>f:\sem 1\speech processing\assignment\vowel_recognition_assignment_3\vowel_recognition_assignment_3\vowel_recognition_assignment_3.cpp(123): warning C4996: 'fscanf': This function or variable may be unsafe. Consider using fscanf_s instead. To disable deprecation, use _CRT_SECURE_NO_WARNINGS. See online help for details.
                 c:\program files (x86)\microsoft visual studio 10.0\vc\include\stdio.h(253) : see declaration of 'fscanf'
     1>f:\sem 1\speech processing\assignment\vowel_recognition_assignment_3\vowel_recognition_assignment_3\vowel_recognition_assignment_3.cpp(166): warning C4996: 'fscanf': This function or variable may be unsafe. Consider using fscanf_s instead. To disable deprecation, use _CRT_SECURE_NO_WARNINGS. See online help for details.
                 c:\program files (x86)\microsoft visual studio 10.0\vc\include\stdio.h(253) : see declaration of 'fscanf'
     1>f:\sem 1\speech processing\assignment\vowel_recognition_assignment_3\vowel_recognition_assignment_3\vowel_recognition_assignment_3.cpp(317): warning C4996: 'sprintf': This function or variable may be unsafe. Consider using sprintf_s instead. To disable deprecation, use _CRT_SECURE_NO_WARNINGS. See online help for details.
                 c:\program files (x86)\microsoft visual studio 10.0\vc\include\stdio.h(371) : see declaration of 'sprintf'
     1>f:\sem 1\speech processing\assignment\vowel_recognition_assignment_3\vowel_recognition_assignment_3\vowel_recognition_assignment_3.cpp(318): warning C4996: 'fopen': This function or variable may be unsafe. Consider using fopen_s instead. To disable deprecation, use _CRT_SECURE_NO_WARNINGS. See online help for details.
                 c:\program files (x86)\microsoft visual studio 10.0\vc\include\stdio.h(234) : see declaration of 'fopen'
     1>f:\sem 1\speech processing\assignment\vowel_recognition_assignment_3\vowel_recognition_assignment_3\vowel_recognition_assignment_3.cpp(329): warning C4996: 'fscanf': This function or variable may be unsafe. Consider using fscanf_s instead. To disable deprecation, use _CRT_SECURE_NO_WARNINGS. See online help for details.
                 c:\program files (x86)\microsoft visual studio 10.0\vc\include\stdio.h(253) : see declaration of 'fscanf'
     1>f:\sem 1\speech processing\assignment\vowel_recognition_assignment_3\vowel_recognition_assignment_3\vowel_recognition_assignment_3.cpp(402): warning C4996: 'sprintf': This function or variable may be unsafe. Consider using sprintf_s instead. To disable deprecation, use _CRT_SECURE_NO_WARNINGS. See online help for details.
                 c:\program files (x86)\microsoft visual studio 10.0\vc\include\stdio.h(371) : see declaration of 'sprintf'
     1>f:\sem 1\speech processing\assignment\vowel_recognition_assignment_3\vowel_recognition_assignment_3\vowel_recognition_assignment_3.cpp(403): warning C4996: 'fopen': This function or variable may be unsafe. Consider using fopen_s instead. To disable deprecation, use _CRT_SECURE_NO_WARNINGS. See online help for details.
                 c:\program files (x86)\microsoft visual studio 10.0\vc\include\stdio.h(234) : see declaration of 'fopen'
     1>f:\sem 1\speech processing\assignment\vowel_recognition_assignment_3\vowel_recognition_assignment_3\vowel_recognition_assignment_3.cpp(411): warning C4996: 'fopen': This function or variable may be unsafe. Consider using fopen_s instead. To disable deprecation, use _CRT_SECURE_NO_WARNINGS. See online help for details.
                 c:\program files (x86)\microsoft visual studio 10.0\vc\include\stdio.h(234) : see declaration of 'fopen'
     1>f:\sem 1\speech processing\assignment\vowel_recognition_assignment_3\vowel_recognition_assignment_3\vowel_recognition_assignment_3.cpp(415): warning C4996: 'fopen': This function or variable may be unsafe. Consider using fopen_s instead. To disable deprecation, use _CRT_SECURE_NO_WARNINGS. See online help for details.
                 c:\program files (x86)\microsoft visual studio 10.0\vc\include\stdio.h(234) : see declaration of 'fopen'
     1>f:\sem 1\speech processing\assignment\vowel_recognition_assignment_3\vowel_recognition_assignment_3\vowel_recognition_assignment_3.cpp(417): warning C4996: 'fopen': This function or variable may be unsafe. Consider using fopen_s instead. To disable deprecation, use _CRT_SECURE_NO_WARNINGS. See online help for details.
                 c:\program files (x86)\microsoft visual studio 10.0\vc\include\stdio.h(234) : see declaration of 'fopen'
     1>f:\sem 1\speech processing\assignment\vowel_recognition_assignment_3\vowel_recognition_assignment_3\vowel_recognition_assignment_3.cpp(427): warning C4996: 'fscanf': This function or variable may be unsafe. Consider using fscanf_s instead. To disable deprecation, use _CRT_SECURE_NO_WARNINGS. See online help for details.
                 c:\program files (x86)\microsoft visual studio 10.0\vc\include\stdio.h(253) : see declaration of 'fscanf'
     1>f:\sem 1\speech processing\assignment\vowel_recognition_assignment_3\vowel_recognition_assignment_3\vowel_recognition_assignment_3.cpp(479): warning C4996: 'sprintf': This function or variable may be unsafe. Consider using sprintf_s instead. To disable deprecation, use _CRT_SECURE_NO_WARNINGS. See online help for details.
                 c:\program files (x86)\microsoft visual studio 10.0\vc\include\stdio.h(371) : see declaration of 'sprintf'
     1>f:\sem 1\speech processing\assignment\vowel_recognition_assignment_3\vowel_recognition_assignment_3\vowel_recognition_assignment_3.cpp(480): warning C4996: 'fopen': This function or variable may be unsafe. Consider using fopen_s instead. To disable deprecation, use _CRT_SECURE_NO_WARNINGS. See online help for details.
                 c:\program files (x86)\microsoft visual studio 10.0\vc\include\stdio.h(234) : see declaration of 'fopen'
     1>f:\sem 1\speech processing\assignment\vowel_recognition_assignment_3\vowel_recognition_assignment_3\vowel_recognition_assignment_3.cpp(510): warning C4996: 'sprintf': This function or variable may be unsafe. Consider using sprintf_s instead. To disable deprecation, use _CRT_SECURE_NO_WARNINGS. See online help for details.
                 c:\program files (x86)\microsoft visual studio 10.0\vc\include\stdio.h(371) : see declaration of 'sprintf'
     1>f:\sem 1\speech processing\assignment\vowel_recognition_assignment_3\vowel_recognition_assignment_3\vowel_recognition_assignment_3.cpp(511): warning C4996: 'fopen': This function or variable may be unsafe. Consider using fopen_s instead. To disable deprecation, use _CRT_SECURE_NO_WARNINGS. See online help for details.
                 c:\program files (x86)\microsoft visual studio 10.0\vc\include\stdio.h(234) : see declaration of 'fopen'
     1>f:\sem 1\speech processing\assignment\vowel_recognition_assignment_3\vowel_recognition_assignment_3\vowel_recognition_assignment_3.cpp(521): warning C4996: 'fopen': This function or variable may be unsafe. Consider using fopen_s instead. To disable deprecation, use _CRT_SECURE_NO_WARNINGS. See online help for details.
                 c:\program files (x86)\microsoft visual studio 10.0\vc\include\stdio.h(234) : see declaration of 'fopen'
     1>f:\sem 1\speech processing\assignment\vowel_recognition_assignment_3\vowel_recognition_assignment_3\vowel_recognition_assignment_3.cpp(525): warning C4996: 'fopen': This function or variable may be unsafe. Consider using fopen_s instead. To disable deprecation, use _CRT_SECURE_NO_WARNINGS. See online help for details.
                 c:\program files (x86)\microsoft visual studio 10.0\vc\include\stdio.h(234) : see declaration of 'fopen'
     1>f:\sem 1\speech processing\assignment\vowel_recognition_assignment_3\vowel_recognition_assignment_3\vowel_recognition_assignment_3.cpp(527): warning C4996: 'fopen': This function or variable may be unsafe. Consider using fopen_s instead. To disable deprecation, use _CRT_SECURE_NO_WARNINGS. See online help for details.
                 c:\program files (x86)\microsoft visual studio 10.0\vc\include\stdio.h(234) : see declaration of 'fopen'
     1>f:\sem 1\speech processing\assignment\vowel_recognition_assignment_3\vowel_recognition_assignment_3\vowel_recognition_assignment_3.cpp(537): warning C4996: 'fscanf': This function or variable may be unsafe. Consider using fscanf_s instead. To disable deprecation, use _CRT_SECURE_NO_WARNINGS. See online help for details.
                 c:\program files (x86)\microsoft visual studio 10.0\vc\include\stdio.h(253) : see declaration of 'fscanf'
     1>f:\sem 1\speech processing\assignment\vowel_recognition_assignment_3\vowel_recognition_assignment_3\vowel_recognition_assignment_3.cpp(150): warning C4715: 'normalize' : not all control paths return a value
       ManifestResourceCompile:
         All outputs are up-to-date.
       Link:
         C:\Program Files (x86)\Microsoft Visual Studio 10.0\VC\bin\link.exe /ERRORREPORT:PROMPT /OUT:"F:\sem 1\speech processing\assignment\vowel_recognition_assignment_3\Debug\vowel_recognition_assignment_3.exe" /INCREMENTAL /NOLOGO kernel32.lib user32.lib gdi32.lib winspool.lib comdlg32.lib advapi32.lib shell32.lib ole32.lib oleaut32.lib uuid.lib odbc32.lib odbccp32.lib /MANIFEST /ManifestFile:"Debug\vowel_recognition_assignment_3.exe.intermediate.manifest" /MANIFESTUAC:"level='asInvoker' uiAccess='false'" /DEBUG /PDB:"F:\sem 1\speech processing\assignment\vowel_recognition_assignment_3\Debug\vowel_recognition_assignment_3.pdb" /SUBSYSTEM:CONSOLE /TLBID:1 /DYNAMICBASE /NXCOMPAT /IMPLIB:"F:\sem 1\speech processing\assignment\vowel_recognition_assignment_3\Debug\vowel_recognition_assignment_3.lib" /MACHINE:X86 Debug\vowel_recognition_assignment_3.exe.embed.manifest.res
         Debug\stdafx.obj
         Debug\vowel_recognition_assignment_3.obj
       Manifest:
         C:\Program Files (x86)\Microsoft SDKs\Windows\v7.0A\bin\mt.exe /nologo /verbose /out:"Debug\vowel_recognition_assignment_3.exe.embed.manifest" /manifest Debug\vowel_recognition_assignment_3.exe.intermediate.manifest
         All outputs are up-to-date.
       LinkEmbedManifest:
         All outputs are up-to-date.
         vowel_recognition_assignment_3.vcxproj -> F:\sem 1\speech processing\assignment\vowel_recognition_assignment_3\Debug\vowel_recognition_assignment_3.exe
       FinalizeBuildStatus:
         Deleting file "Debug\vowel_recognition_assignment_3.unsuccessfulbuild".
         Touching "Debug\vowel_recognition_assignment_3.lastbuildstate".
     1>Done Building Project "F:\sem 1\speech processing\assignment\vowel_recognition_assignment_3\vowel_recognition_assignment_3\vowel_recognition_assignment_3.vcxproj" (build target(s)).

Build succeeded.

Time Elapsed 00:00:01.62
